Totale canali esclusi: 189

MILAN TV - ID: 3657217948 - Country: Italy
RTL 102.5 - ID: 1729811452 - Country: Italy
RTV SAN MARINO - ID: 2343767125 - Country: Italy
DEEJAY TV - ID: 3802167244 - Country: Italy
BOING - ID: 3022771961 - Country: Italy
MOTORTREND - ID: 3758728323 - Country: Italy
BOING - ID: 3373510242 - Country: Italy
BABY TV - ID: 2265727942 - Country: Italy
CANALE 8 - ID: 3107500995 - Country: Italy
TRENTINO TV - ID: 2797857045 - Country: Italy
FRISBEE - ID: 1995860185 - Country: Italy
DEEJAY TV - ID: 963607327 - Country: Italy
CARTOON NETWORK - ID: 1289777017 - Country: Italy
TG COM 24 - ID: 1785098768 - Country: Italy
IUNIOR TV - ID: 803540254 - Country: Italy
LA C TV - ID: 660106690 - Country: Italy
WARNER TV - ID: 3171202588 - Country: Italy
MOTORTREND - ID: 3889279895 - Country: Italy
CACCIA - ID: 1692155417 - Country: Italy
BOING PLUS - ID: 3841982646 - Country: Italy
27 TWENTY SEVEN - ID: 608774683 - Country: Italy
CARTOON NETWORK - ID: 1744435623 - Country: Italy
TGCOM 24 - ID: 2418148449 - Country: Italy
PESCA - ID: 714472867 - Country: Italy
70 80 HITS - ID: 2542531195 - Country: Italy
111 TV - ID: 1600139819 - Country: Italy
TELERAMA - ID: 4017608910 - Country: Italy
ANTENNA SUD - ID: 4084059868 - Country: Italy
12 TV PARMA - ID: 631792369 - Country: Italy
TV 2000 - ID: 1949044924 - Country: Italy
KISS KISS NAPOLI - ID: 3027903278 - Country: Italy
PADRE PIO TV - ID: 435016866 - Country: Italy
CANALE 7 - ID: 565256431 - Country: Italy
CACCIA E PESCA - ID: 3639213638 - Country: Italy
FRANCE 24 - ID: 2179686828 - Country: Italy
CANALE 7 - ID: 996680722 - Country: Italy
GOLD TV - ID: 2854396316 - Country: Italy
ALTO ADIGE TV - ID: 68845853 - Country: Italy
REGGIO TV - ID: 2165549789 - Country: Italy
BELLA RADIO TV - ID: 1585005860 - Country: Italy
RADIONORBA TV - ID: 2627662768 - Country: Italy
FASHIONTV - ID: 3255207570 - Country: Italy
PESCA E CACCIA - ID: 3124512993 - Country: Italy
CLASSICA - ID: 64060922 - Country: Italy
BYOBLU - ID: 2826111812 - Country: Italy
51 RADIO TV - ID: 4216245552 - Country: Italy
CAFE 24 - ID: 1625923783 - Country: Italy
VIDEOLINA - ID: 1249978054 - Country: Italy
RTL 102.5 - ID: 3168132911 - Country: Italy
CANALE 8 - ID: 2749478718 - Country: Italy
ANTENNA 2 - ID: 3014001260 - Country: Italy
QUARTA RETE - ID: 2804189085 - Country: Italy
TG NORBA 24 - ID: 3413557893 - Country: Italy
CANALE 21 EXTRA - ID: 2454558136 - Country: Italy
RADIO FRECCIA - ID: 1711134994 - Country: Italy
EURONEWS - ID: 490955579 - Country: Italy
QVC - ID: 2952884641 - Country: Italy
CANALE 2 - ID: 3914444703 - Country: Italy
RTV SPORT - ID: 134178901 - Country: Italy
CRIME + INV - ID: 1968339149 - Country: Italy
RTV SAN MARINO SPORT - ID: 1113853263 - Country: Italy
ONDA NOVARA TV - ID: 3134124967 - Country: Italy
MTV HITS - ID: 3446813098 - Country: Italy
FANO TV - ID: 1798700028 - Country: Italy
LAZIO TV - ID: 2774026655 - Country: Italy
ESPERIA TV 18 - ID: 1812508372 - Country: Italy
VIDEOSTAR TV - ID: 2499488584 - Country: Italy
RTC TELECALABRIA - ID: 639406775 - Country: Italy
A3 - ID: 445158856 - Country: Italy
ARTE NETWORK - ID: 430570853 - Country: Italy
RADIO 51 - ID: 2339747193 - Country: Italy
PRIMOCANALE - ID: 2944239261 - Country: Italy
TOP CALCIO 24 - ID: 3835549326 - Country: Italy
TELE FRIULI - ID: 3551882344 - Country: Italy
TV YES - ID: 2569530225 - Country: Italy
LOVE FM TV - ID: 3344963942 - Country: Italy
CREMONA 1 - ID: 4137427510 - Country: Italy
RTP - ID: 4136045815 - Country: Italy
TELEMANTOVA - ID: 1425327889 - Country: Italy
TELE VENEZIA - ID: 109522219 - Country: Italy
TRENTINO TV - ID: 2764553737 - Country: Italy
M2O - ID: 215827632 - Country: Italy
UMBRIA TV - ID: 2230919796 - Country: Italy
TELEVENEZIA - ID: 2814318198 - Country: Italy
BLOOMBERG TV 4K - ID: 3911047486 - Country: Italy
BERGAMO TV - ID: 2476433040 - Country: Italy
TG NORBA 24 - ID: 3379729817 - Country: Italy
FASHION TV - ID: 3028319308 - Country: Italy
TELE LIGURIA SUD - ID: 874797181 - Country: Italy
ACI SPORT TV - ID: 1351631603 - Country: Italy
EURO TV - ID: 4222258377 - Country: Italy
PRIMO CANALE - ID: 3497884599 - Country: Italy
KISS KISS - ID: 3815726749 - Country: Italy
ONDA TV - ID: 203130779 - Country: Italy
LIRA TV - ID: 2835333400 - Country: Italy
LA TR3 - ID: 2210996603 - Country: Italy
ONDA TV - ID: 1641481816 - Country: Italy
TELE CHIARA - ID: 2487986216 - Country: Italy
KISS KISS - ID: 950030926 - Country: Italy
TELETRICOLORE - ID: 2521763009 - Country: Italy
PRIMA TV - ID: 91764224 - Country: Italy
TELEROMAGNA - ID: 2794392244 - Country: Italy
TELEMOLISE - ID: 780186974 - Country: Italy
ENTELLA TV - ID: 1371658771 - Country: Italy
VIDEOTOLENTINO - ID: 2015312510 - Country: Italy
COMPANY TV - ID: 1322483308 - Country: Italy
REI TV - ID: 3075118500 - Country: Italy
TV2000 - ID: 1133734972 - Country: Italy
PRIMA TV - ID: 530658045 - Country: Italy
CAMERA DEI DEPUTATI - ID: 4253692893 - Country: Italy
STAR COMEDY - ID: 1512072384 - Country: Italy
AURORA ARTE - ID: 3267376899 - Country: Italy
RDS SOCIAL - ID: 4031388312 - Country: Italy
BELLLA & MONELLA TV - ID: 161144675 - Country: Italy
ELIVE TV BRESCIA - ID: 1521821490 - Country: Italy
TELE ABRUZZO - ID: 1668393582 - Country: Italy
OL3 RADIO - ID: 68102734 - Country: Italy
VIDEO NOVARA - ID: 2791781421 - Country: Italy
UMBRIA TV - ID: 1597386407 - Country: Italy
SUPER J - ID: 1284194905 - Country: Italy
CARINA TV - ID: 1527236924 - Country: Italy
TELEA TV - ID: 3332092310 - Country: Italy
SENATO TV - ID: 2002360508 - Country: Italy
UNINETTUNO - ID: 797328723 - Country: Italy
ARANCIA TV - ID: 1792428355 - Country: Italy
TRSPORT - ID: 361314062 - Country: Italy
TVA VICENZA - ID: 3071392662 - Country: Italy
TV QUI - ID: 2202937518 - Country: Italy
SENATO TV - ID: 2895549551 - Country: Italy
ICARO TV - ID: 2488017405 - Country: Italy
LA NUOVA TV - ID: 3894526183 - Country: Italy
TELEBARI - ID: 1362891370 - Country: Italy
PEER TV ALTO ADIGE - ID: 1789522005 - Country: Italy
TELE RADIO SCIACCA - ID: 3990509931 - Country: Italy
ESPERIA TV - ID: 3525104604 - Country: Italy
TELE PAVIA - ID: 616483317 - Country: Italy
RETE VENETA - ID: 1085172353 - Country: Italy
VERA TV - ID: 4271554009 - Country: Italy
RADIO CAPITAL - ID: 421441745 - Country: Italy
BABY TV - ID: 3938501125 - Country: Italy
ESPANSIONE TV - ID: 539484419 - Country: Italy
GRANDUCATO - ID: 942153014 - Country: Italy
ORLER TV - ID: 3471319012 - Country: Italy
STEREO 5 TV - ID: 88205050 - Country: Italy
TELENORD - ID: 2923215049 - Country: Italy
TVA VICENZA - ID: 3038112906 - Country: Italy
TELEQUATTRO - ID: 1083984669 - Country: Italy
EURO INDIE MUSIC CHART TV - ID: 3569731325 - Country: Italy
RETE ORO - ID: 3351863213 - Country: Italy
RMC 101 - ID: 2209352147 - Country: Italy
TELE MIA - ID: 1563649601 - Country: Italy
TELEMISTRETTA - ID: 1438440507 - Country: Italy
VCO AZZURRA TV - ID: 2070070755 - Country: Italy
ETV MARCHE - ID: 273312373 - Country: Italy
TELE CHIARA - ID: 2521825076 - Country: Italy
TRM H24 - ID: 2310699492 - Country: Italy
TV 33 - ID: 3506302655 - Country: Italy
STAR LIFE - ID: 3946128844 - Country: Italy
VERA TV - ID: 2471902234 - Country: Italy
QUADRIFOGLIO TV - ID: 2178753297 - Country: Italy
TELEVIDEO AGRIGENTO - ID: 4020241962 - Country: Italy
TELECOLOR - ID: 1133239022 - Country: Italy
ICARO TV - ID: 2392139008 - Country: Italy
GLOBUS TELEVISION - ID: 2116902817 - Country: Italy
COMPANY TV - ID: 1225484664 - Country: Italy
RDS SOCIAL TV - ID: 3656080408 - Country: Italy
RTTR - ID: 3799362189 - Country: Italy
TELEBOARIO - ID: 3383364202 - Country: Italy
TELE ROMAGNA - ID: 129446377 - Country: Italy
TELETUBBIES - ID: 257447576 - Country: Italy
TELE TRICOLORE - ID: 2314613216 - Country: Italy
EQU TV - ID: 2818586668 - Country: Italy
RTTR TV - ID: 1791879692 - Country: Italy
TT TELETUTTO - ID: 3709706813 - Country: Italy
SUPER TV BRESCIA - ID: 2061826034 - Country: Italy
TV7 NEWS - ID: 2802329064 - Country: Italy
BLOOMBERG TV - ID: 116299718 - Country: Italy
TELEARENA - ID: 4081561014 - Country: Italy
TELECITTA - ID: 2676235978 - Country: Italy
TV QUI - ID: 3845119578 - Country: Italy
TELE TUSCIASABINA 2000 - ID: 545707096 - Country: Italy
RTR 99 TV - ID: 1621632780 - Country: Italy
TELE SIRIO - ID: 2188469219 - Country: Italy
TELEPACE - ID: 1658329091 - Country: Italy
TVRS - ID: 1488746638 - Country: Italy
TELEARTE - ID: 2586615238 - Country: Italy
TELEPACE TRENTO - ID: 1794299695 - Country: Italy
SUPER TV ARISTANIS - ID: 11653719 - Country: Italy
RETEBIELLA TV - ID: 109447913 - Country: Italy
